d:\++task\2021\용역\에코센싱\adim-gui-20210811\adim-gui-20210811\release\rtnetsolution.pch
d:\++task\2021\용역\에코센싱\adim-gui-20210811\adim-gui-20210811\release\vc140.pdb
d:\++task\2021\용역\에코센싱\adim-gui-20210811\adim-gui-20210811\release\stdafx.obj
d:\++task\2021\용역\에코센싱\adim-gui-20210811\adim-gui-20210811\release\newmatnl.obj
d:\++task\2021\용역\에코센싱\adim-gui-20210811\adim-gui-20210811\release\newmatex.obj
d:\++task\2021\용역\에코센싱\adim-gui-20210811\adim-gui-20210811\release\newmat9.obj
d:\++task\2021\용역\에코센싱\adim-gui-20210811\adim-gui-20210811\release\newmat8.obj
d:\++task\2021\용역\에코센싱\adim-gui-20210811\adim-gui-20210811\release\newmat7.obj
d:\++task\2021\용역\에코센싱\adim-gui-20210811\adim-gui-20210811\release\newmat6.obj
d:\++task\2021\용역\에코센싱\adim-gui-20210811\adim-gui-20210811\release\newmat5.obj
d:\++task\2021\용역\에코센싱\adim-gui-20210811\adim-gui-20210811\release\newmat4.obj
d:\++task\2021\용역\에코센싱\adim-gui-20210811\adim-gui-20210811\release\newmat3.obj
d:\++task\2021\용역\에코센싱\adim-gui-20210811\adim-gui-20210811\release\newmat2.obj
d:\++task\2021\용역\에코센싱\adim-gui-20210811\adim-gui-20210811\release\newmat1.obj
d:\++task\2021\용역\에코센싱\adim-gui-20210811\adim-gui-20210811\release\newfft.obj
d:\++task\2021\용역\에코센싱\adim-gui-20210811\adim-gui-20210811\release\myexcept.obj
d:\++task\2021\용역\에코센싱\adim-gui-20210811\adim-gui-20210811\release\jacobi.obj
d:\++task\2021\용역\에코센싱\adim-gui-20210811\adim-gui-20210811\release\hholder.obj
d:\++task\2021\용역\에코센싱\adim-gui-20210811\adim-gui-20210811\release\fft.obj
d:\++task\2021\용역\에코센싱\adim-gui-20210811\adim-gui-20210811\release\evalue.obj
d:\++task\2021\용역\에코센싱\adim-gui-20210811\adim-gui-20210811\release\cholesky.obj
d:\++task\2021\용역\에코센싱\adim-gui-20210811\adim-gui-20210811\release\bandmat.obj
d:\++task\2021\용역\에코센싱\adim-gui-20210811\adim-gui-20210811\release\ins.obj
d:\++task\2021\용역\에코센싱\adim-gui-20210811\adim-gui-20210811\release\uitntrip.obj
d:\++task\2021\용역\에코센싱\adim-gui-20210811\adim-gui-20210811\release\subfunc.obj
d:\++task\2021\용역\에코센싱\adim-gui-20210811\adim-gui-20210811\release\rtnetsolutiondlg.obj
d:\++task\2021\용역\에코센싱\adim-gui-20210811\adim-gui-20210811\release\rtnetsolution.obj
d:\++task\2021\용역\에코센싱\adim-gui-20210811\adim-gui-20210811\release\ntripsocket.obj
d:\++task\2021\용역\에코센싱\adim-gui-20210811\adim-gui-20210811\release\ntrip.obj
d:\++task\2021\용역\에코센싱\adim-gui-20210811\adim-gui-20210811\release\svd.obj
d:\++task\2021\용역\에코센싱\adim-gui-20210811\adim-gui-20210811\release\submat.obj
d:\++task\2021\용역\에코센싱\adim-gui-20210811\adim-gui-20210811\release\sort.obj
d:\++task\2021\용역\에코센싱\adim-gui-20210811\adim-gui-20210811\release\solution.obj
d:\++task\2021\용역\에코센싱\adim-gui-20210811\adim-gui-20210811\release\newmatrm.obj
d:\++task\2021\용역\에코센싱\adim-gui-20210811\adim-gui-20210811\release\rtnetsolution.res
d:\++task\2021\용역\에코센싱\adim-gui-20210811\adim-gui-20210811\release\rtnetsolution.pdb
d:\++task\2021\용역\에코센싱\adim-gui-20210811\adim-gui-20210811\release\rtnetsolution.tlog\cl.command.1.tlog
d:\++task\2021\용역\에코센싱\adim-gui-20210811\adim-gui-20210811\release\rtnetsolution.tlog\cl.read.1.tlog
d:\++task\2021\용역\에코센싱\adim-gui-20210811\adim-gui-20210811\release\rtnetsolution.tlog\cl.write.1.tlog
d:\++task\2021\용역\에코센싱\adim-gui-20210811\adim-gui-20210811\release\rtnetsolution.tlog\link-cvtres.read.1.tlog
d:\++task\2021\용역\에코센싱\adim-gui-20210811\adim-gui-20210811\release\rtnetsolution.tlog\link-cvtres.write.1.tlog
d:\++task\2021\용역\에코센싱\adim-gui-20210811\adim-gui-20210811\release\rtnetsolution.tlog\link-mt.read.1.tlog
d:\++task\2021\용역\에코센싱\adim-gui-20210811\adim-gui-20210811\release\rtnetsolution.tlog\link-mt.write.1.tlog
d:\++task\2021\용역\에코센싱\adim-gui-20210811\adim-gui-20210811\release\rtnetsolution.tlog\link-rc.read.1.tlog
d:\++task\2021\용역\에코센싱\adim-gui-20210811\adim-gui-20210811\release\rtnetsolution.tlog\link-rc.write.1.tlog
d:\++task\2021\용역\에코센싱\adim-gui-20210811\adim-gui-20210811\release\rtnetsolution.tlog\link.command.1.tlog
d:\++task\2021\용역\에코센싱\adim-gui-20210811\adim-gui-20210811\release\rtnetsolution.tlog\link.read.1.tlog
d:\++task\2021\용역\에코센싱\adim-gui-20210811\adim-gui-20210811\release\rtnetsolution.tlog\link.write.1.tlog
d:\++task\2021\용역\에코센싱\adim-gui-20210811\adim-gui-20210811\release\rtnetsolution.tlog\rc.command.1.tlog
d:\++task\2021\용역\에코센싱\adim-gui-20210811\adim-gui-20210811\release\rtnetsolution.tlog\rc.read.1.tlog
d:\++task\2021\용역\에코센싱\adim-gui-20210811\adim-gui-20210811\release\rtnetsolution.tlog\rc.write.1.tlog
